{"target": 0.8119422821340422, "params": {"c": 188.43094836665333, "k": 56.277881695706476, "m": 828.5665741901383, "n": 504.71194272395405, "s": 431.35977845515737}, "datetime": {"datetime": "2019-06-13 11:15:25", "elapsed": 0.0, "delta": 0.0}}
{"target": 0.8087759375594898, "params": {"c": 960.7944700795384, "k": 65.97353764521418, "m": 914.6913766733139, "n": 997.211857602178, "s": 975.2640430346834}, "datetime": {"datetime": "2019-06-13 11:15:48", "elapsed": 23.361245, "delta": 23.361245}}
{"target": 0.3899580792682927, "params": {"c": 26.279790149987157, "k": 28.154240671706425, "m": 48.057241948875294, "n": 19.567546083849578, "s": 984.9632977360535}, "datetime": {"datetime": "2019-06-13 11:16:20", "elapsed": 55.304335, "delta": 31.94309}}
{"target": 0.2040563702151971, "params": {"c": 1000.0, "k": 1.0, "m": 1000.0, "n": 1.0, "s": 1.0}, "datetime": {"datetime": "2019-06-13 11:16:40", "elapsed": 75.009864, "delta": 19.705529}}
{"target": 0.8084214537486901, "params": {"c": 1.0, "k": 1.0, "m": 1.0, "n": 1000.0, "s": 1.0}, "datetime": {"datetime": "2019-06-13 11:16:58", "elapsed": 93.124093, "delta": 18.114229}}
{"target": 0.8099676621647327, "params": {"c": 427.83294295218997, "k": 68.05657782719483, "m": 423.3156632496398, "n": 531.9753268552813, "s": 330.8318825390023}, "datetime": {"datetime": "2019-06-13 11:17:19", "elapsed": 114.378416, "delta": 21.254323}}
{"target": 0.8041246911233606, "params": {"c": 1000.0, "k": 100.0, "m": 1.0, "n": 1000.0, "s": 1.0}, "datetime": {"datetime": "2019-06-13 11:17:45", "elapsed": 140.385677, "delta": 26.007261}}
{"target": 0.7895888846593072, "params": {"c": 1.0, "k": 100.0, "m": 1000.0, "n": 1000.0, "s": 1000.0}, "datetime": {"datetime": "2019-06-13 11:18:11", "elapsed": 166.219373, "delta": 25.833696}}
{"target": 0.8122619954303123, "params": {"c": 1.0, "k": 100.0, "m": 1000.0, "n": 1000.0, "s": 1.0}, "datetime": {"datetime": "2019-06-13 11:18:36", "elapsed": 191.464724, "delta": 25.245351}}
